Started by timer
Running as SYSTEM
Building in workspace /var/lib/jenkins/workspace/darkreader
[WS-CLEANUP] Deleting project workspace...
[WS-CLEANUP] Deferred wipeout is used...
[WS-CLEANUP] Done
The recommended git tool is: NONE
using credential 64f113ac-a768-40fd-a93d-50f8b63a1aee
Cloning the remote Git repository
Using shallow clone with depth 1
Avoid fetching tags
Cloning repository https://github.com/StudentBlake/studentblake.github.io.git
 > git init /var/lib/jenkins/workspace/darkreader # timeout=10
Fetching upstream changes from https://github.com/StudentBlake/studentblake.github.io.git
 > git --version # timeout=10
 > git --version # 'git version 2.20.1'
using GIT_ASKPASS to set credentials 
 > git fetch --no-tags --force --progress --depth=1 -- https://github.com/StudentBlake/studentblake.github.io.git +refs/heads/*:refs/remotes/origin/* # timeout=10
 > git config remote.origin.url https://github.com/StudentBlake/studentblake.github.io.git # timeout=10
 > git config --add remote.origin.fetch +refs/heads/*:refs/remotes/origin/* # timeout=10
Avoid second fetch
 > git rev-parse refs/remotes/origin/master^{commit} # timeout=10
Checking out Revision 1485155a618c00e6c53dfee737e55d33d5de800c (refs/remotes/origin/master)
 > git config core.sparsecheckout # timeout=10
 > git checkout -f 1485155a618c00e6c53dfee737e55d33d5de800c # timeout=10
Commit message: "Built by Jenkins: JOB_NAME/darkreader, BUILD_NUMBER/52"
 > git rev-list --no-walk a4d3b02f0edb665e9bf85c7393e32c9918415bf5 # timeout=10
First time build. Skipping changelog.
[darkreader] $ /bin/sh -xe /tmp/jenkins6442015668286603454.sh
+ cd darkreader
+ ./build.sh
+ git clone https://github.com/darkreader/darkreader.git darkreader-src --depth 1
Cloning into 'darkreader-src'...
+ zip -r darkreader-src.zip darkreader-src/
  adding: darkreader-src/ (stored 0%)
  adding: darkreader-src/LICENSE (deflated 41%)
  adding: darkreader-src/CODE_OF_CONDUCT.md (deflated 60%)
  adding: darkreader-src/package-lock.json (deflated 75%)
  adding: darkreader-src/package.json (deflated 69%)
  adding: darkreader-src/index.d.ts (deflated 73%)
  adding: darkreader-src/tests/ (stored 0%)
  adding: darkreader-src/tests/jest.config.js (deflated 35%)
  adding: darkreader-src/tests/utils/ (stored 0%)
  adding: darkreader-src/tests/utils/url.tests.ts (deflated 90%)
  adding: darkreader-src/tests/utils/jest.config.js (deflated 48%)
  adding: darkreader-src/tests/utils/tsconfig.json (deflated 38%)
  adding: darkreader-src/tests/utils/text.tests.ts (deflated 83%)
  adding: darkreader-src/tests/utils/color.tests.ts (deflated 82%)
  adding: darkreader-src/tests/utils/time.tests.ts (deflated 84%)
  adding: darkreader-src/tests/inject/ (stored 0%)
  adding: darkreader-src/tests/inject/echo-server.js (deflated 65%)
  adding: darkreader-src/tests/inject/customize.ts (deflated 44%)
  adding: darkreader-src/tests/inject/polyfills.ts (deflated 62%)
  adding: darkreader-src/tests/inject/jest.config.js (deflated 49%)
  adding: darkreader-src/tests/inject/dynamic/ (stored 0%)
  adding: darkreader-src/tests/inject/dynamic/fixes.tests.ts (deflated 72%)
  adding: darkreader-src/tests/inject/dynamic/style-override.tests.ts (deflated 82%)
  adding: darkreader-src/tests/inject/dynamic/variables.tests.ts (deflated 88%)
  adding: darkreader-src/tests/inject/dynamic/css-rules.tests.ts (deflated 86%)
  adding: darkreader-src/tests/inject/dynamic/shadow-dom.tests.ts (deflated 83%)
  adding: darkreader-src/tests/inject/dynamic/inline-override.tests.ts (deflated 70%)
  adding: darkreader-src/tests/inject/dynamic/media-query.tests.ts (deflated 82%)
  adding: darkreader-src/tests/inject/dynamic/image-analysis.tests.ts (deflated 79%)
  adding: darkreader-src/tests/inject/dynamic/color.tests.ts (deflated 78%)
  adding: darkreader-src/tests/inject/dynamic/link-override.tests.ts (deflated 80%)
  adding: darkreader-src/tests/inject/background-stub.ts (deflated 62%)
  adding: darkreader-src/tests/inject/tsconfig.json (deflated 36%)
  adding: darkreader-src/tests/inject/echo-client.ts (deflated 36%)
  adding: darkreader-src/tests/inject/karma.conf.js (deflated 67%)
  adding: darkreader-src/tests/inject/run.js (deflated 53%)
  adding: darkreader-src/tests/config/ (stored 0%)
  adding: darkreader-src/tests/config/jest.config.js (deflated 49%)
  adding: darkreader-src/tests/config/config.tests.ts (deflated 73%)
  adding: darkreader-src/tests/config/tsconfig.json (deflated 38%)
  adding: darkreader-src/tests/config/locales.tests.ts (deflated 66%)
  adding: darkreader-src/tests/test-utils.ts (deflated 30%)
  adding: darkreader-src/tests/browser/ (stored 0%)
  adding: darkreader-src/tests/browser/jest.config.js (deflated 34%)
  adding: darkreader-src/tests/browser/server.js (deflated 66%)
  adding: darkreader-src/tests/browser/jest.config.firefox.js (deflated 31%)
  adding: darkreader-src/tests/browser/dynamic/ (stored 0%)
  adding: darkreader-src/tests/browser/dynamic/style-override.tests.ts (deflated 87%)
  adding: darkreader-src/tests/browser/dynamic/inline-override.tests.ts (deflated 64%)
  adding: darkreader-src/tests/browser/dynamic/link-override.tests.ts (deflated 85%)
  adding: darkreader-src/tests/browser/tsconfig.json (deflated 49%)
  adding: darkreader-src/tests/browser/coverage.js (deflated 72%)
  adding: darkreader-src/tests/browser/paths.js (deflated 64%)
  adding: darkreader-src/tests/browser/e2e/ (stored 0%)
  adding: darkreader-src/tests/browser/e2e/toggle.tests.ts (deflated 82%)
  adding: darkreader-src/tests/browser/environment.js (deflated 72%)
  adding: darkreader-src/tests/browser/jest.config.shared.js (deflated 51%)
  adding: darkreader-src/tests/browser/globals.d.ts (deflated 53%)
  adding: darkreader-src/tests/browser/jest.config.chrome.js (deflated 32%)
  adding: darkreader-src/tests/benchmark-server/ (stored 0%)
  adding: darkreader-src/tests/benchmark-server/index.js (deflated 71%)
  adding: darkreader-src/.github/ (stored 0%)
  adding: darkreader-src/.github/ISSUE_TEMPLATE/ (stored 0%)
  adding: darkreader-src/.github/ISSUE_TEMPLATE/performance_issue.md (deflated 51%)
  adding: darkreader-src/.github/ISSUE_TEMPLATE/config.yml (stored 0%)
  adding: darkreader-src/.github/ISSUE_TEMPLATE/bug_report.md (deflated 50%)
  adding: darkreader-src/.github/ISSUE_TEMPLATE/broken-website.md (deflated 51%)
  adding: darkreader-src/.github/ISSUE_TEMPLATE/feature_request.md (deflated 48%)
  adding: darkreader-src/.github/dependabot.yml (deflated 35%)
  adding: darkreader-src/.github/FUNDING.yml (deflated 55%)
  adding: darkreader-src/.github/workflows/ (stored 0%)
  adding: darkreader-src/.github/workflows/test.yml (deflated 59%)
  adding: darkreader-src/.eslintrc.js (deflated 74%)
  adding: darkreader-src/.gitignore (deflated 62%)
  adding: darkreader-src/.npmignore (stored 0%)
  adding: darkreader-src/src/ (stored 0%)
  adding: darkreader-src/src/generators/ (stored 0%)
  adding: darkreader-src/src/generators/static-theme.ts (deflated 78%)
  adding: darkreader-src/src/generators/svg-filter.ts (deflated 60%)
  adding: darkreader-src/src/generators/utils/ (stored 0%)
  adding: darkreader-src/src/generators/utils/format.ts (deflated 64%)
  adding: darkreader-src/src/generators/utils/matrix.ts (deflated 76%)
  adding: darkreader-src/src/generators/utils/parse.ts (deflated 62%)
  adding: darkreader-src/src/generators/text-style.ts (deflated 51%)
  adding: darkreader-src/src/generators/theme-engines.ts (deflated 46%)
  adding: darkreader-src/src/generators/css-filter.ts (deflated 72%)
  adding: darkreader-src/src/generators/dynamic-theme.ts (deflated 68%)
  adding: darkreader-src/src/generators/modify-colors.ts (deflated 77%)
  adding: darkreader-src/src/manifest-firefox.json (deflated 47%)
  adding: darkreader-src/src/utils/ (stored 0%)
  adding: darkreader-src/src/utils/network.ts (deflated 62%)
  adding: darkreader-src/src/utils/url.ts (deflated 68%)
  adding: darkreader-src/src/utils/media-query.ts (deflated 52%)
  adding: darkreader-src/src/utils/color.ts (deflated 68%)
  adding: darkreader-src/src/utils/debounce.ts (deflated 50%)
  adding: darkreader-src/src/utils/ipv6.ts (deflated 55%)
  adding: darkreader-src/src/utils/time.ts (deflated 71%)
  adding: darkreader-src/src/utils/locales.ts (deflated 43%)
  adding: darkreader-src/src/utils/platform.ts (deflated 66%)
  adding: darkreader-src/src/utils/uid.ts (deflated 27%)
  adding: darkreader-src/src/utils/math.ts (deflated 59%)
  adding: darkreader-src/src/utils/array.ts (deflated 59%)
  adding: darkreader-src/src/utils/links.ts (deflated 57%)
  adding: darkreader-src/src/utils/text.ts (deflated 64%)
  adding: darkreader-src/src/background/ (stored 0%)
  adding: darkreader-src/src/background/newsmaker.ts (deflated 67%)
  adding: darkreader-src/src/background/devtools.ts (deflated 81%)
  adding: darkreader-src/src/background/config-manager.ts (deflated 78%)
  adding: darkreader-src/src/background/tab-manager.ts (deflated 71%)
  adding: darkreader-src/src/background/icon-manager.ts (deflated 72%)
  adding: darkreader-src/src/background/window-theme.ts (deflated 69%)
  adding: darkreader-src/src/background/utils/ (stored 0%)
  adding: darkreader-src/src/background/utils/network.ts (deflated 70%)
  adding: darkreader-src/src/background/utils/extension-api.ts (deflated 76%)
  adding: darkreader-src/src/background/extension.ts (deflated 77%)
  adding: darkreader-src/src/background/index.html (deflated 26%)
  adding: darkreader-src/src/background/index.ts (deflated 61%)
  adding: darkreader-src/src/background/user-storage.ts (deflated 73%)
  adding: darkreader-src/src/background/messenger.ts (deflated 77%)
  adding: darkreader-src/src/tsconfig.json (deflated 58%)
  adding: darkreader-src/src/api/ (stored 0%)
  adding: darkreader-src/src/api/index.ts (deflated 67%)
  adding: darkreader-src/src/api/chrome.ts (deflated 70%)
  adding: darkreader-src/src/api/fetch.ts (deflated 54%)
  adding: darkreader-src/src/inject/ (stored 0%)
  adding: darkreader-src/src/inject/style.ts (deflated 62%)
  adding: darkreader-src/src/inject/svg-filter.ts (deflated 70%)
  adding: darkreader-src/src/inject/utils/ (stored 0%)
  adding: darkreader-src/src/inject/utils/watch-color-scheme.ts (deflated 60%)
  adding: darkreader-src/src/inject/utils/log.ts (deflated 45%)
  adding: darkreader-src/src/inject/utils/dom.ts (deflated 76%)
  adding: darkreader-src/src/inject/utils/throttle.ts (deflated 67%)
  adding: darkreader-src/src/inject/fallback.ts (deflated 59%)
  adding: darkreader-src/src/inject/index.ts (deflated 69%)
  adding: darkreader-src/src/inject/dynamic-theme/ (stored 0%)
  adding: darkreader-src/src/inject/dynamic-theme/network.ts (deflated 57%)
  adding: darkreader-src/src/inject/dynamic-theme/adopted-style-manger.ts (deflated 72%)
  adding: darkreader-src/src/inject/dynamic-theme/watch.ts (deflated 76%)
  adding: darkreader-src/src/inject/dynamic-theme/stylesheet-proxy.ts (deflated 78%)
  adding: darkreader-src/src/inject/dynamic-theme/inline-style.ts (deflated 76%)
  adding: darkreader-src/src/inject/dynamic-theme/css-collection.ts (deflated 67%)
  adding: darkreader-src/src/inject/dynamic-theme/meta-theme-color.ts (deflated 68%)
  adding: darkreader-src/src/inject/dynamic-theme/index.ts (deflated 79%)
  adding: darkreader-src/src/inject/dynamic-theme/style-manager.ts (deflated 75%)
  adding: darkreader-src/src/inject/dynamic-theme/stylesheet-modifier.ts (deflated 76%)
  adding: darkreader-src/src/inject/dynamic-theme/css-rules.ts (deflated 71%)
  adding: darkreader-src/src/inject/dynamic-theme/modify-css.ts (deflated 78%)
  adding: darkreader-src/src/inject/dynamic-theme/image.ts (deflated 66%)
  adding: darkreader-src/src/config/ (stored 0%)
  adding: darkreader-src/src/config/dark-sites.config (deflated 52%)
  adding: darkreader-src/src/config/dark_sites.json (deflated 62%)
  adding: darkreader-src/src/config/inversion-fixes.config (deflated 71%)
  adding: darkreader-src/src/config/static-themes.config (deflated 66%)
  adding: darkreader-src/src/config/fix_inversion.json (deflated 78%)
  adding: darkreader-src/src/config/dynamic-theme-fixes.config (deflated 76%)
  adding: darkreader-src/src/icons/ (stored 0%)
  adding: darkreader-src/src/icons/dr_inactive_38.png (stored 0%)
  adding: darkreader-src/src/icons/dr_128.png (deflated 1%)
  adding: darkreader-src/src/icons/dr_inactive_19.png (stored 0%)
  adding: darkreader-src/src/icons/dr_active_19.png (stored 0%)
  adding: darkreader-src/src/icons/dr_active_38.png (stored 0%)
  adding: darkreader-src/src/icons/dr_48.png (stored 0%)
  adding: darkreader-src/src/icons/dr_16.png (stored 0%)
  adding: darkreader-src/src/_locales/ (stored 0%)
  adding: darkreader-src/src/_locales/en-US.config (deflated 55%)
  adding: darkreader-src/src/_locales/be.config (deflated 57%)
  adding: darkreader-src/src/_locales/nl.config (deflated 54%)
  adding: darkreader-src/src/_locales/he.config (deflated 58%)
  adding: darkreader-src/src/_locales/cs.config (deflated 51%)
  adding: darkreader-src/src/_locales/fa.config (deflated 60%)
  adding: darkreader-src/src/_locales/en.config (deflated 55%)
  adding: darkreader-src/src/_locales/tr.config (deflated 51%)
  adding: darkreader-src/src/_locales/no.config (deflated 52%)
  adding: darkreader-src/src/_locales/ru.config (deflated 57%)
  adding: darkreader-src/src/_locales/ro.config (deflated 53%)
  adding: darkreader-src/src/_locales/sk.config (deflated 51%)
  adding: darkreader-src/src/_locales/pt-PT.config (deflated 52%)
  adding: darkreader-src/src/_locales/it.config (deflated 53%)
  adding: darkreader-src/src/_locales/de.config (deflated 51%)
  adding: darkreader-src/src/_locales/zh-TW.config (deflated 44%)
  adding: darkreader-src/src/_locales/es.config (deflated 52%)
  adding: darkreader-src/src/_locales/uk.config (deflated 59%)
  adding: darkreader-src/src/_locales/ar.config (deflated 59%)
  adding: darkreader-src/src/_locales/en-GB.config (deflated 55%)
  adding: darkreader-src/src/_locales/pt-BR.config (deflated 52%)
  adding: darkreader-src/src/_locales/el.config (deflated 59%)
  adding: darkreader-src/src/_locales/ko.config (deflated 50%)
  adding: darkreader-src/src/_locales/sv.config (deflated 53%)
  adding: darkreader-src/src/_locales/ja.config (deflated 53%)
  adding: darkreader-src/src/_locales/id.config (deflated 54%)
  adding: darkreader-src/src/_locales/fa-IR.config (deflated 60%)
  adding: darkreader-src/src/_locales/zh-CN.config (deflated 44%)
  adding: darkreader-src/src/_locales/hi.config (deflated 68%)
  adding: darkreader-src/src/_locales/vi.config (deflated 54%)
  adding: darkreader-src/src/_locales/si.config (deflated 67%)
  adding: darkreader-src/src/_locales/bn.config (deflated 65%)
  adding: darkreader-src/src/_locales/fr.config (deflated 53%)
  adding: darkreader-src/src/_locales/pl.config (deflated 51%)
  adding: darkreader-src/src/_locales/th.config (deflated 67%)
  adding: darkreader-src/src/manifest-thunderbird.json (deflated 47%)
  adding: darkreader-src/src/manifest.json (deflated 67%)
  adding: darkreader-src/src/defaults.ts (deflated 60%)
  adding: darkreader-src/src/ui/ (stored 0%)
  adding: darkreader-src/src/ui/utils.ts (deflated 66%)
  adding: darkreader-src/src/ui/stylesheet-editor/ (stored 0%)
  adding: darkreader-src/src/ui/stylesheet-editor/style.less (stored 0%)
  adding: darkreader-src/src/ui/stylesheet-editor/index.html (deflated 35%)
  adding: darkreader-src/src/ui/stylesheet-editor/index.tsx (deflated 53%)
  adding: darkreader-src/src/ui/stylesheet-editor/components/ (stored 0%)
  adding: darkreader-src/src/ui/stylesheet-editor/components/body.tsx (deflated 60%)
  adding: darkreader-src/src/ui/icons.less (deflated 77%)
  adding: darkreader-src/src/ui/shared.less (deflated 73%)
  adding: darkreader-src/src/ui/popup/ (stored 0%)
  adding: darkreader-src/src/ui/popup/check-button/ (stored 0%)
  adding: darkreader-src/src/ui/popup/check-button/style.less (deflated 67%)
  adding: darkreader-src/src/ui/popup/check-button/index.tsx (deflated 62%)
  adding: darkreader-src/src/ui/popup/body/ (stored 0%)
  adding: darkreader-src/src/ui/popup/body/style.less (deflated 76%)
  adding: darkreader-src/src/ui/popup/body/index.tsx (deflated 75%)
  adding: darkreader-src/src/ui/popup/automation-page/ (stored 0%)
  adding: darkreader-src/src/ui/popup/automation-page/style.less (deflated 78%)
  adding: darkreader-src/src/ui/popup/automation-page/index.tsx (deflated 78%)
  adding: darkreader-src/src/ui/popup/manage-settings-page/ (stored 0%)
  adding: darkreader-src/src/ui/popup/manage-settings-page/reset-settings-button.tsx (deflated 65%)
  adding: darkreader-src/src/ui/popup/manage-settings-page/export-settings.tsx (deflated 61%)
  adding: darkreader-src/src/ui/popup/manage-settings-page/style.less (deflated 4%)
  adding: darkreader-src/src/ui/popup/manage-settings-page/sync-settings.tsx (deflated 56%)
  adding: darkreader-src/src/ui/popup/manage-settings-page/import-settings.tsx (deflated 68%)
  adding: darkreader-src/src/ui/popup/manage-settings-page/sync-config.tsx (deflated 51%)
  adding: darkreader-src/src/ui/popup/manage-settings-page/export-theme.tsx (deflated 60%)
  adding: darkreader-src/src/ui/popup/manage-settings-page/index.tsx (deflated 63%)
  adding: darkreader-src/src/ui/popup/utils/ (stored 0%)
  adding: darkreader-src/src/ui/popup/utils/markdown.tsx (deflated 24%)
  adding: darkreader-src/src/ui/popup/utils/issues.ts (deflated 64%)
  adding: darkreader-src/src/ui/popup/style.less (deflated 72%)
  adding: darkreader-src/src/ui/popup/index.html (deflated 43%)
  adding: darkreader-src/src/ui/popup/theme/ (stored 0%)
  adding: darkreader-src/src/ui/popup/theme/utils.ts (deflated 67%)
  adding: darkreader-src/src/ui/popup/theme/preset-picker/ (stored 0%)
  adding: darkreader-src/src/ui/popup/theme/preset-picker/style.less (deflated 68%)
  adding: darkreader-src/src/ui/popup/theme/preset-picker/index.tsx (deflated 73%)
  adding: darkreader-src/src/ui/popup/theme/controls/ (stored 0%)
  adding: darkreader-src/src/ui/popup/theme/controls/text-color.tsx (deflated 58%)
  adding: darkreader-src/src/ui/popup/theme/controls/use-font.tsx (deflated 49%)
  adding: darkreader-src/src/ui/popup/theme/controls/scrollbar.tsx (deflated 57%)
  adding: darkreader-src/src/ui/popup/theme/controls/reset-button.tsx (deflated 62%)
  adding: darkreader-src/src/ui/popup/theme/controls/style-system-controls.tsx (deflated 50%)
  adding: darkreader-src/src/ui/popup/theme/controls/mode.less (deflated 55%)
  adding: darkreader-src/src/ui/popup/theme/controls/font-picker.tsx (deflated 60%)
  adding: darkreader-src/src/ui/popup/theme/controls/theme-control.less (deflated 49%)
  adding: darkreader-src/src/ui/popup/theme/controls/grayscale.tsx (deflated 56%)
  adding: darkreader-src/src/ui/popup/theme/controls/text-stroke.tsx (deflated 53%)
  adding: darkreader-src/src/ui/popup/theme/controls/contrast.tsx (deflated 57%)
  adding: darkreader-src/src/ui/popup/theme/controls/format.ts (stored 0%)
  adding: darkreader-src/src/ui/popup/theme/controls/scheme.tsx (deflated 56%)
  adding: darkreader-src/src/ui/popup/theme/controls/sepia.tsx (deflated 56%)
  adding: darkreader-src/src/ui/popup/theme/controls/mode.tsx (deflated 65%)
  adding: darkreader-src/src/ui/popup/theme/controls/background-color.tsx (deflated 58%)
  adding: darkreader-src/src/ui/popup/theme/controls/brightness.tsx (deflated 56%)
  adding: darkreader-src/src/ui/popup/theme/controls/selection.tsx (deflated 58%)
  adding: darkreader-src/src/ui/popup/theme/controls/theme-control.tsx (deflated 46%)
  adding: darkreader-src/src/ui/popup/theme/controls/index.tsx (deflated 64%)
  adding: darkreader-src/src/ui/popup/theme/page/ (stored 0%)
  adding: darkreader-src/src/ui/popup/theme/page/collapsible-panel.tsx (deflated 70%)
  adding: darkreader-src/src/ui/popup/theme/page/collapsible-panel.less (deflated 73%)
  adding: darkreader-src/src/ui/popup/theme/page/style.less (deflated 80%)
  adding: darkreader-src/src/ui/popup/theme/page/index.tsx (deflated 77%)
  adding: darkreader-src/src/ui/popup/compatibility.js (deflated 57%)
  adding: darkreader-src/src/ui/popup/site-list-page/ (stored 0%)
  adding: darkreader-src/src/ui/popup/site-list-page/style.less (deflated 66%)
  adding: darkreader-src/src/ui/popup/site-list-page/index.tsx (deflated 68%)
  adding: darkreader-src/src/ui/popup/site-list-page/site-list.tsx (deflated 70%)
  adding: darkreader-src/src/ui/popup/types.d.ts (deflated 32%)
  adding: darkreader-src/src/ui/popup/main-page/ (stored 0%)
  adding: darkreader-src/src/ui/popup/main-page/site-toggle.tsx (deflated 68%)
  adding: darkreader-src/src/ui/popup/main-page/style.less (deflated 77%)
  adding: darkreader-src/src/ui/popup/main-page/help.tsx (deflated 57%)
  adding: darkreader-src/src/ui/popup/main-page/sun-moon-icon.tsx (deflated 67%)
  adding: darkreader-src/src/ui/popup/main-page/app-switch.tsx (deflated 73%)
  adding: darkreader-src/src/ui/popup/main-page/theme-group.tsx (deflated 69%)
  adding: darkreader-src/src/ui/popup/main-page/system-icon.tsx (deflated 38%)
  adding: darkreader-src/src/ui/popup/main-page/index.tsx (deflated 69%)
  adding: darkreader-src/src/ui/popup/main-page/watch-icon.tsx (deflated 60%)
  adding: darkreader-src/src/ui/popup/index.tsx (deflated 67%)
  adding: darkreader-src/src/ui/popup/settings-page/ (stored 0%)
  adding: darkreader-src/src/ui/popup/settings-page/site-list-button.tsx (deflated 58%)
  adding: darkreader-src/src/ui/popup/settings-page/devtools.tsx (deflated 70%)
  adding: darkreader-src/src/ui/popup/settings-page/change-browser-theme.tsx (deflated 57%)
  adding: darkreader-src/src/ui/popup/settings-page/mange-settings-button.tsx (deflated 59%)
  adding: darkreader-src/src/ui/popup/settings-page/style.less (deflated 55%)
  adding: darkreader-src/src/ui/popup/settings-page/enabled-by-default.tsx (deflated 56%)
  adding: darkreader-src/src/ui/popup/settings-page/automation-button.tsx (deflated 60%)
  adding: darkreader-src/src/ui/popup/settings-page/index.tsx (deflated 63%)
  adding: darkreader-src/src/ui/popup/control-group/ (stored 0%)
  adding: darkreader-src/src/ui/popup/control-group/style.less (deflated 46%)
  adding: darkreader-src/src/ui/popup/control-group/index.tsx (deflated 67%)
  adding: darkreader-src/src/ui/popup/components/ (stored 0%)
  adding: darkreader-src/src/ui/popup/components/news/ (stored 0%)
  adding: darkreader-src/src/ui/popup/components/news/style.less (deflated 74%)
  adding: darkreader-src/src/ui/popup/components/news/index.tsx (deflated 69%)
  adding: darkreader-src/src/ui/popup/components/body.tsx (deflated 73%)
  adding: darkreader-src/src/ui/popup/components/header/ (stored 0%)
  adding: darkreader-src/src/ui/popup/components/header/more-toggle-settings.tsx (deflated 79%)
  adding: darkreader-src/src/ui/popup/components/header/style.less (deflated 81%)
  adding: darkreader-src/src/ui/popup/components/header/index.tsx (deflated 72%)
  adding: darkreader-src/src/ui/popup/components/font-settings/ (stored 0%)
  adding: darkreader-src/src/ui/popup/components/font-settings/style.less (deflated 62%)
  adding: darkreader-src/src/ui/popup/components/font-settings/index.tsx (deflated 69%)
  adding: darkreader-src/src/ui/popup/components/engine-switch/ (stored 0%)
  adding: darkreader-src/src/ui/popup/components/engine-switch/style.less (deflated 62%)
  adding: darkreader-src/src/ui/popup/components/engine-switch/index.tsx (deflated 62%)
  adding: darkreader-src/src/ui/popup/components/more-settings/ (stored 0%)
  adding: darkreader-src/src/ui/popup/components/more-settings/style.less (deflated 53%)
  adding: darkreader-src/src/ui/popup/components/more-settings/index.tsx (deflated 73%)
  adding: darkreader-src/src/ui/popup/components/custom-settings-toggle/ (stored 0%)
  adding: darkreader-src/src/ui/popup/components/custom-settings-toggle/style.less (deflated 53%)
  adding: darkreader-src/src/ui/popup/components/custom-settings-toggle/index.tsx (deflated 64%)
  adding: darkreader-src/src/ui/popup/components/site-list-settings/ (stored 0%)
  adding: darkreader-src/src/ui/popup/components/site-list-settings/style.less (deflated 44%)
  adding: darkreader-src/src/ui/popup/components/site-list-settings/index.tsx (deflated 65%)
  adding: darkreader-src/src/ui/popup/components/site-toggle/ (stored 0%)
  adding: darkreader-src/src/ui/popup/components/site-toggle/style.less (deflated 50%)
  adding: darkreader-src/src/ui/popup/components/site-toggle/checkmark-icon.tsx (deflated 44%)
  adding: darkreader-src/src/ui/popup/components/site-toggle/index.tsx (deflated 59%)
  adding: darkreader-src/src/ui/popup/components/filter-settings/ (stored 0%)
  adding: darkreader-src/src/ui/popup/components/filter-settings/mode-toggle.tsx (deflated 68%)
  adding: darkreader-src/src/ui/popup/components/filter-settings/style.less (deflated 63%)
  adding: darkreader-src/src/ui/popup/components/filter-settings/index.tsx (deflated 73%)
  adding: darkreader-src/src/ui/popup/components/loader/ (stored 0%)
  adding: darkreader-src/src/ui/popup/components/loader/style.less (deflated 72%)
  adding: darkreader-src/src/ui/popup/components/loader/index.tsx (deflated 56%)
  adding: darkreader-src/src/ui/popup/page-viewer/ (stored 0%)
  adding: darkreader-src/src/ui/popup/page-viewer/style.less (deflated 53%)
  adding: darkreader-src/src/ui/popup/page-viewer/index.tsx (deflated 66%)
  adding: darkreader-src/src/ui/controls/ (stored 0%)
  adding: darkreader-src/src/ui/controls/nav-button/ (stored 0%)
  adding: darkreader-src/src/ui/controls/nav-button/style.less (deflated 43%)
  adding: darkreader-src/src/ui/controls/nav-button/index.tsx (deflated 48%)
  adding: darkreader-src/src/ui/controls/overlay/ (stored 0%)
  adding: darkreader-src/src/ui/controls/overlay/style.less (deflated 38%)
  adding: darkreader-src/src/ui/controls/overlay/index.ts (deflated 62%)
  adding: darkreader-src/src/ui/controls/utils.ts (deflated 53%)
  adding: darkreader-src/src/ui/controls/updown/ (stored 0%)
  adding: darkreader-src/src/ui/controls/updown/style.less (deflated 75%)
  adding: darkreader-src/src/ui/controls/updown/track.tsx (deflated 68%)
  adding: darkreader-src/src/ui/controls/updown/index.tsx (deflated 71%)
  adding: darkreader-src/src/ui/controls/dropdown/ (stored 0%)
  adding: darkreader-src/src/ui/controls/dropdown/style.less (deflated 76%)
  adding: darkreader-src/src/ui/controls/dropdown/index.tsx (deflated 72%)
  adding: darkreader-src/src/ui/controls/message-box/ (stored 0%)
  adding: darkreader-src/src/ui/controls/message-box/style.less (deflated 56%)
  adding: darkreader-src/src/ui/controls/message-box/index.tsx (deflated 66%)
  adding: darkreader-src/src/ui/controls/checkbox/ (stored 0%)
  adding: darkreader-src/src/ui/controls/checkbox/style.less (deflated 73%)
  adding: darkreader-src/src/ui/controls/checkbox/index.tsx (deflated 55%)
  adding: darkreader-src/src/ui/controls/style.less (deflated 71%)
  adding: darkreader-src/src/ui/controls/toggle/ (stored 0%)
  adding: darkreader-src/src/ui/controls/toggle/style.less (deflated 63%)
  adding: darkreader-src/src/ui/controls/toggle/index.tsx (deflated 67%)
  adding: darkreader-src/src/ui/controls/shortcut/ (stored 0%)
  adding: darkreader-src/src/ui/controls/shortcut/style.less (deflated 59%)
  adding: darkreader-src/src/ui/controls/shortcut/index.tsx (deflated 69%)
  adding: darkreader-src/src/ui/controls/multi-switch/ (stored 0%)
  adding: darkreader-src/src/ui/controls/multi-switch/style.less (deflated 62%)
  adding: darkreader-src/src/ui/controls/multi-switch/index.tsx (deflated 63%)
  adding: darkreader-src/src/ui/controls/text-list/ (stored 0%)
  adding: darkreader-src/src/ui/controls/text-list/style.less (deflated 63%)
  adding: darkreader-src/src/ui/controls/text-list/index.tsx (deflated 66%)
  adding: darkreader-src/src/ui/controls/time-range-picker/ (stored 0%)
  adding: darkreader-src/src/ui/controls/time-range-picker/style.less (deflated 46%)
  adding: darkreader-src/src/ui/controls/time-range-picker/index.tsx (deflated 72%)
  adding: darkreader-src/src/ui/controls/slider/ (stored 0%)
  adding: darkreader-src/src/ui/controls/slider/style.less (deflated 81%)
  adding: darkreader-src/src/ui/controls/slider/index.tsx (deflated 75%)
  adding: darkreader-src/src/ui/controls/reset-button/ (stored 0%)
  adding: darkreader-src/src/ui/controls/reset-button/style.less (deflated 50%)
  adding: darkreader-src/src/ui/controls/reset-button/index.tsx (deflated 53%)
  adding: darkreader-src/src/ui/controls/color-picker/ (stored 0%)
  adding: darkreader-src/src/ui/controls/color-picker/hsb-picker.tsx (deflated 73%)
  adding: darkreader-src/src/ui/controls/color-picker/style.less (deflated 78%)
  adding: darkreader-src/src/ui/controls/color-picker/hsb-picker.less (deflated 68%)
  adding: darkreader-src/src/ui/controls/color-picker/index.tsx (deflated 71%)
  adding: darkreader-src/src/ui/controls/select/ (stored 0%)
  adding: darkreader-src/src/ui/controls/select/style.less (deflated 73%)
  adding: darkreader-src/src/ui/controls/select/index.tsx (deflated 71%)
  adding: darkreader-src/src/ui/controls/index.ts (deflated 67%)
  adding: darkreader-src/src/ui/controls/textbox/ (stored 0%)
  adding: darkreader-src/src/ui/controls/textbox/style.less (deflated 61%)
  adding: darkreader-src/src/ui/controls/textbox/index.tsx (deflated 43%)
  adding: darkreader-src/src/ui/controls/button/ (stored 0%)
  adding: darkreader-src/src/ui/controls/button/style.less (deflated 60%)
  adding: darkreader-src/src/ui/controls/button/index.tsx (deflated 45%)
  adding: darkreader-src/src/ui/controls/color-dropdown/ (stored 0%)
  adding: darkreader-src/src/ui/controls/color-dropdown/style.less (deflated 60%)
  adding: darkreader-src/src/ui/controls/color-dropdown/index.tsx (deflated 68%)
  adding: darkreader-src/src/ui/controls/tab-panel/ (stored 0%)
  adding: darkreader-src/src/ui/controls/tab-panel/tab.tsx (deflated 39%)
  adding: darkreader-src/src/ui/controls/tab-panel/style.less (deflated 72%)
  adding: darkreader-src/src/ui/controls/tab-panel/index.tsx (deflated 64%)
  adding: darkreader-src/src/ui/controls/virtual-scroll/ (stored 0%)
  adding: darkreader-src/src/ui/controls/virtual-scroll/index.tsx (deflated 72%)
  adding: darkreader-src/src/ui/connect/ (stored 0%)
  adding: darkreader-src/src/ui/connect/connector.ts (deflated 73%)
  adding: darkreader-src/src/ui/connect/mock.ts (deflated 68%)
  adding: darkreader-src/src/ui/connect/index.ts (deflated 42%)
  adding: darkreader-src/src/ui/theme.less (deflated 65%)
  adding: darkreader-src/src/ui/assets/ (stored 0%)
  adding: darkreader-src/src/ui/assets/fonts/ (stored 0%)
  adding: darkreader-src/src/ui/assets/fonts/OpenSans-Regular.ttf (deflated 39%)
  adding: darkreader-src/src/ui/assets/fonts/OpenSans-SemiBold.ttf (deflated 39%)
  adding: darkreader-src/src/ui/assets/fonts/LICENSE.txt (deflated 65%)
  adding: darkreader-src/src/ui/assets/fonts/OpenSans-Light.ttf (deflated 40%)
  adding: darkreader-src/src/ui/assets/images/ (stored 0%)
  adding: darkreader-src/src/ui/assets/images/darkreader-icon-256x256.png (deflated 2%)
  adding: darkreader-src/src/ui/assets/images/mode-dark-32.svg (deflated 64%)
  adding: darkreader-src/src/ui/assets/images/mode-light-32.svg (deflated 58%)
  adding: darkreader-src/src/ui/assets/images/darkreader-type.svg (deflated 65%)
  adding: darkreader-src/src/ui/assets/images/ladybug-32.svg (deflated 51%)
  adding: darkreader-src/src/ui/devtools/ (stored 0%)
  adding: darkreader-src/src/ui/devtools/style.less (deflated 72%)
  adding: darkreader-src/src/ui/devtools/index.html (deflated 38%)
  adding: darkreader-src/src/ui/devtools/index.tsx (deflated 53%)
  adding: darkreader-src/src/ui/devtools/components/ (stored 0%)
  adding: darkreader-src/src/ui/devtools/components/body.tsx (deflated 66%)
  adding: darkreader-src/src/definitions.d.ts (deflated 73%)
  adding: darkreader-src/.git/ (stored 0%)
  adding: darkreader-src/.git/branches/ (stored 0%)
  adding: darkreader-src/.git/HEAD (stored 0%)
  adding: darkreader-src/.git/hooks/ (stored 0%)
  adding: darkreader-src/.git/hooks/pre-receive.sample (deflated 40%)
  adding: darkreader-src/.git/hooks/update.sample (deflated 68%)
  adding: darkreader-src/.git/hooks/fsmonitor-watchman.sample (deflated 53%)
  adding: darkreader-src/.git/hooks/pre-commit.sample (deflated 45%)
  adding: darkreader-src/.git/hooks/pre-push.sample (deflated 50%)
  adding: darkreader-src/.git/hooks/prepare-commit-msg.sample (deflated 50%)
  adding: darkreader-src/.git/hooks/applypatch-msg.sample (deflated 42%)
  adding: darkreader-src/.git/hooks/pre-applypatch.sample (deflated 38%)
  adding: darkreader-src/.git/hooks/commit-msg.sample (deflated 44%)
  adding: darkreader-src/.git/hooks/pre-rebase.sample (deflated 59%)
  adding: darkreader-src/.git/hooks/post-update.sample (deflated 27%)
  adding: darkreader-src/.git/index (deflated 58%)
  adding: darkreader-src/.git/refs/ (stored 0%)
  adding: darkreader-src/.git/refs/remotes/ (stored 0%)
  adding: darkreader-src/.git/refs/remotes/origin/ (stored 0%)
  adding: darkreader-src/.git/refs/remotes/origin/HEAD (stored 0%)
  adding: darkreader-src/.git/refs/heads/ (stored 0%)
  adding: darkreader-src/.git/refs/heads/master (stored 0%)
  adding: darkreader-src/.git/refs/tags/ (stored 0%)
  adding: darkreader-src/.git/refs/tags/v4.9.29 (stored 0%)
  adding: darkreader-src/.git/packed-refs (deflated 11%)
  adding: darkreader-src/.git/logs/ (stored 0%)
  adding: darkreader-src/.git/logs/HEAD (deflated 35%)
  adding: darkreader-src/.git/logs/refs/ (stored 0%)
  adding: darkreader-src/.git/logs/refs/remotes/ (stored 0%)
  adding: darkreader-src/.git/logs/refs/remotes/origin/ (stored 0%)
  adding: darkreader-src/.git/logs/refs/remotes/origin/HEAD (deflated 35%)
  adding: darkreader-src/.git/logs/refs/heads/ (stored 0%)
  adding: darkreader-src/.git/logs/refs/heads/master (deflated 35%)
  adding: darkreader-src/.git/config (deflated 37%)
  adding: darkreader-src/.git/shallow (stored 0%)
  adding: darkreader-src/.git/description (deflated 14%)
  adding: darkreader-src/.git/objects/ (stored 0%)
  adding: darkreader-src/.git/objects/pack/ (stored 0%)
  adding: darkreader-src/.git/objects/pack/pack-e33b8d6b0c9403115b0c256a01138b548c3bfd9c.pack (deflated 0%)
  adding: darkreader-src/.git/objects/pack/pack-e33b8d6b0c9403115b0c256a01138b548c3bfd9c.idx (deflated 5%)
  adding: darkreader-src/.git/objects/info/ (stored 0%)
  adding: darkreader-src/.git/info/ (stored 0%)
  adding: darkreader-src/.git/info/exclude (deflated 28%)
  adding: darkreader-src/SECURITY.md (deflated 42%)
  adding: darkreader-src/.eslintplugin.js (deflated 68%)
  adding: darkreader-src/.gitattributes (deflated 22%)
  adding: darkreader-src/tasks/ (stored 0%)
  adding: darkreader-src/tasks/build.js (deflated 67%)
  adding: darkreader-src/tasks/watch.js (deflated 60%)
  adding: darkreader-src/tasks/utils.js (deflated 53%)
  adding: darkreader-src/tasks/bundle-js.js (deflated 74%)
  adding: darkreader-src/tasks/bundle-css.js (deflated 63%)
  adding: darkreader-src/tasks/task.js (deflated 66%)
  adding: darkreader-src/tasks/copy.js (deflated 69%)
  adding: darkreader-src/tasks/clean.js (deflated 51%)
  adding: darkreader-src/tasks/zip.js (deflated 59%)
  adding: darkreader-src/tasks/paths.js (deflated 56%)
  adding: darkreader-src/tasks/bundle-html.js (deflated 68%)
  adding: darkreader-src/tasks/code-style.js (deflated 53%)
  adding: darkreader-src/tasks/bundle-api.js (deflated 62%)
  adding: darkreader-src/tasks/reload.js (deflated 66%)
  adding: darkreader-src/tasks/bundle-locales.js (deflated 62%)
  adding: darkreader-src/README.md (deflated 65%)
+ cd darkreader-src
+ npm install
npm WARN deprecated request-promise-native@1.0.9: request-promise-native has been deprecated because it extends the now deprecated request package, see https://github.com/request/request/issues/3142
npm WARN deprecated event-to-promise@0.8.0: Use promise-toolbox/fromEvent instead
npm WARN deprecated urix@0.1.0: Please see https://github.com/lydell/urix#deprecated
npm WARN deprecated har-validator@5.1.5: this library is no longer supported
npm WARN deprecated resolve-url@0.2.1: https://github.com/lydell/resolve-url#deprecated
npm WARN deprecated jetpack-id@1.0.0: Jetpack extensions are no longer supported by Firefox. Use web-ext instead to build a WebExtension.
npm WARN deprecated fsevents@1.2.13: fsevents 1 will break on node v14+ and could be using insecure binaries. Upgrade to fsevents 2.
npm WARN deprecated chokidar@2.1.8: Chokidar 2 will break on node v14+. Upgrade to chokidar 3 with 15x less dependencies.
npm WARN deprecated js-select@0.6.0: Package no longer supported. Contact support@npmjs.com for more info.
npm WARN deprecated request@2.88.2: request has been deprecated, see https://github.com/request/request/issues/3142
npm WARN deprecated @babel/polyfill@7.12.1: 🚨 This package has been deprecated in favor of separate inclusion of a polyfill and regenerator-runtime (when needed). See the @babel/polyfill docs (https://babeljs.io/docs/en/babel-polyfill) for more information.
npm WARN deprecated core-js@2.6.12: core-js@<3 is no longer maintained and not recommended for usage due to the number of issues. Please, upgrade your dependencies to the actual version of core-js@3.

added 1233 packages, and audited 1234 packages in 2m

77 packages are looking for funding
  run `npm fund` for details

found 0 vulnerabilities
+ npm run build

> darkreader@4.9.29 build
> node tasks/build.js --release

03:17:15 BUILD
03:17:15 clean (7ms)
03:23:13 bundle-js (358315ms)
03:23:16 bundle-css (2468ms)
03:23:16 bundle-html (123ms)
03:23:16 bundle-locales (320ms)
03:23:17 copy (699ms)
03:23:51 code-style (33673ms)
03:23:53 zip (1938ms)
03:23:53 MISSION PASSED! RESPECT +
+ cd ..
+ rm -rf nightly
+ mkdir nightly
+ mv darkreader-src.zip nightly/
+ mv darkreader-src/build.zip nightly/build-chrome.zip
+ mv darkreader-src/build-firefox.xpi nightly/
+ rm -rf darkreader-src/
[PostBuildScript] - [INFO] Executing post build scripts.
[darkreader] $ /bin/sh -xe /tmp/jenkins5884120609719845660.sh
